  main.cpp
c:\program files (x86)\windows kits\10\include\10.0.17763.0\shared\minwindef.h(130): warning C4005: 'APIENTRY': macro redefinition
  c:\users\johnc\vcpkg\installed\x64-windows\include\glfw\glfw3.h(98): note: see previous definition of 'APIENTRY'
c:\users\johnc\documents\3d_chess\chess\gl2\gl2_material.h(57): warning C4305: '=': truncation from 'double' to 'float'
c:\users\johnc\documents\3d_chess\chess\particlesystem.h(32): warning C4305: '=': truncation from 'double' to 'float'
c:\users\johnc\documents\3d_chess\chess\particlesystem.h(43): warning C4244: '=': conversion from 'double' to 'TT', possible loss of data
          with
          [
              TT=float
          ]
c:\users\johnc\documents\3d_chess\chess\particlesystem.h(50): warning C4305: '+=': truncation from 'double' to 'float'
c:\users\johnc\documents\3d_chess\chess\particlesystem.h(57): warning C4305: 'argument': truncation from 'double' to 'const TT'
          with
          [
              TT=float
          ]
c:\users\johnc\documents\3d_chess\chess\particlesystem.h(59): warning C4305: 'initializing': truncation from 'double' to 'float'
c:\users\johnc\documents\3d_chess\chess\particlesystem.h(60): warning C4305: 'initializing': truncation from 'double' to 'float'
c:\users\johnc\documents\3d_chess\chess\particlesystem.h(81): warning C4305: 'initializing': truncation from 'double' to 'float'
c:\users\johnc\documents\3d_chess\chess\particlesystem.h(97): warning C4305: 'initializing': truncation from 'double' to 'float'
c:\users\johnc\documents\3d_chess\chess\objreader.h(149): warning C4244: '-=': conversion from 'double' to 'T', possible loss of data
          with
          [
              T=float
          ]
c:\users\johnc\documents\3d_chess\chess\objreader.h(150): warning C4244: '-=': conversion from 'double' to 'T', possible loss of data
          with
          [
              T=float
          ]
c:\users\johnc\documents\3d_chess\chess\objreader.h(151): warning C4244: '-=': conversion from 'double' to 'T', possible loss of data
          with
          [
              T=float
          ]
c:\users\johnc\documents\3d_chess\chess\include_path.h(47): warning C4305: 'initializing': truncation from 'double' to 'float'
c:\users\johnc\documents\3d_chess\chess\include_path.h(48): warning C4305: 'initializing': truncation from 'double' to 'float'
c:\users\johnc\documents\3d_chess\chess\include_path.h(60): warning C4305: 'initializing': truncation from 'double' to 'float'
c:\users\johnc\documents\3d_chess\chess\include_path.h(68): warning C4305: 'initializing': truncation from 'double' to 'float'
c:\users\johnc\documents\3d_chess\chess\include_path.h(85): warning C4244: 'argument': conversion from 'double' to 'const float', possible loss of data
c:\users\johnc\documents\3d_chess\chess\include_path.h(95): warning C4244: 'argument': conversion from 'double' to 'int', possible loss of data
c:\users\johnc\documents\3d_chess\chess\include_path.h(101): warning C4244: 'argument': conversion from 'double' to 'int', possible loss of data
c:\users\johnc\documents\3d_chess\chess\include_path.h(109): warning C4244: 'argument': conversion from 'double' to 'int', possible loss of data
c:\users\johnc\documents\3d_chess\chess\include_path.h(116): warning C4244: 'argument': conversion from 'double' to 'int', possible loss of data
c:\users\johnc\documents\3d_chess\chess\include_path.h(124): warning C4244: 'argument': conversion from 'double' to 'int', possible loss of data
c:\users\johnc\documents\3d_chess\chess\include_path.h(128): warning C4244: 'initializing': conversion from 'double' to 'int', possible loss of data
c:\users\johnc\documents\3d_chess\chess\include_path.h(129): warning C4244: '*=': conversion from 'double' to 'int', possible loss of data
c:\users\johnc\documents\3d_chess\chess\obj.h(81): warning C4267: 'argument': conversion from 'size_t' to 'GLsizei', possible loss of data
c:\users\johnc\documents\3d_chess\chess\obj.h(125): warning C4267: 'argument': conversion from 'size_t' to 'GLsizei', possible loss of data
c:\users\johnc\documents\3d_chess\chess\obj.h(133): warning C4267: 'initializing': conversion from 'size_t' to 'int', possible loss of data
c:\users\johnc\documents\3d_chess\chess\obj.h(133): warning C4267: 'initializing': conversion from 'size_t' to 'const int', possible loss of data
c:\users\johnc\documents\3d_chess\chess\obj.h(185): warning C4267: 'argument': conversion from 'size_t' to 'GLsizei', possible loss of data
c:\users\johnc\documents\3d_chess\chess\chess.h(173): warning C4305: 'argument': truncation from 'double' to 'const T'
c:\users\johnc\documents\3d_chess\chess\chess.h(195): warning C4552: '!=': result of expression not used
c:\users\johnc\documents\3d_chess\chess\main.cpp(17): warning C4244: '=': conversion from 'float' to 'int', possible loss of data
c:\users\johnc\documents\3d_chess\chess\main.cpp(18): warning C4244: '=': conversion from 'float' to 'int', possible loss of data
c:\users\johnc\documents\3d_chess\chess\main.cpp(87): warning C4305: 'argument': truncation from 'double' to 'const T'
c:\users\johnc\documents\3d_chess\chess\main.cpp(89): warning C4244: 'argument': conversion from 'double' to 'const TT', possible loss of data
          with
          [
              TT=float
          ]
c:\users\johnc\documents\3d_chess\chess\main.cpp(123): warning C4305: 'argument': truncation from 'double' to 'const float'
c:\users\johnc\documents\3d_chess\chess\main.cpp(174): warning C4244: 'initializing': conversion from 'double' to 'float', possible loss of data
c:\users\johnc\documents\3d_chess\chess\main.cpp(174): warning C4244: 'initializing': conversion from 'double' to 'const float', possible loss of data
  Generating code
  43 of 770 functions ( 5.6%) were compiled, the rest were copied from previous compilation.
    1 functions were new in current compilation
    4 functions had inline decision re-evaluated but remain unchanged
  Finished generating code
  week_13_physically_based_animation.vcxproj -> C:\Users\JohnC\Documents\3D_Chess\x64\Release\Chess.exe
